2024-01-29 18:02:42,560 [Worker-2: Loading available Gradle versions] INFO  o.e.b.c.i.u.g.PublishedGradleVersions - Gradle version information cache is up-to-date. Trying to read.
2024-01-29 18:03:27,459 [Worker-14: Importing Maven projects] INFO  o.e.m.c.i.l.LifecycleMappingFactory - Using org.eclipse.m2e.jdt.JarLifecycleMapping lifecycle mapping for MavenProject: com.in28minutes.microservices:currency-conversion-service:0.0.11-SNAPSHOT @ D:\ADI\Microservices\01-Reference\spring-microservices-v3-main\05.kubernetes\currency-conversion-service\pom.xml.
2024-01-29 18:03:32,344 [Worker-14: Importing Maven projects] INFO  o.e.m.c.i.l.LifecycleMappingFactory - Using org.eclipse.m2e.jdt.JarLifecycleMapping lifecycle mapping for MavenProject: com.in28minutes.microservices:currency-exchange-service:0.0.11-SNAPSHOT @ D:\ADI\Microservices\01-Reference\spring-microservices-v3-main\05.kubernetes\currency-exchange-service\pom.xml.
2024-01-29 18:03:37,732 [Worker-14: Importing Maven projects] INFO  o.e.m.j.i.AbstractJavaProjectConfigurator - Adding source folder /currency-exchange-service/src/main/java
2024-01-29 18:03:37,733 [Worker-14: Importing Maven projects] INFO  o.e.m.j.i.AbstractJavaProjectConfigurator - Adding resource folder /currency-exchange-service/src/main/resources
2024-01-29 18:03:37,772 [Worker-14: Importing Maven projects] INFO  o.e.m.j.i.AbstractJavaProjectConfigurator - Adding resource folder /currency-exchange-service/src/main/resources
2024-01-29 18:03:37,774 [Worker-14: Importing Maven projects] INFO  o.e.m.j.i.AbstractJavaProjectConfigurator - Adding source folder /currency-exchange-service/src/test/java
2024-01-29 18:03:37,776 [Worker-14: Importing Maven projects] INFO  o.e.m.j.i.AbstractJavaProjectConfigurator - Adding resource folder /currency-exchange-service/src/test/resources
2024-01-29 18:03:49,370 [Worker-14: Importing Maven projects] INFO  o.e.m.j.i.AbstractJavaProjectConfigurator - Adding source folder /currency-conversion-service/src/main/java
2024-01-29 18:03:49,370 [Worker-14: Importing Maven projects] INFO  o.e.m.j.i.AbstractJavaProjectConfigurator - Adding resource folder /currency-conversion-service/src/main/resources
2024-01-29 18:03:49,377 [Worker-14: Importing Maven projects] INFO  o.e.m.j.i.AbstractJavaProjectConfigurator - Adding resource folder /currency-conversion-service/src/main/resources
2024-01-29 18:03:49,380 [Worker-14: Importing Maven projects] INFO  o.e.m.j.i.AbstractJavaProjectConfigurator - Adding source folder /currency-conversion-service/src/test/java
2024-01-29 18:03:49,380 [Worker-14: Importing Maven projects] INFO  o.e.m.j.i.AbstractJavaProjectConfigurator - Adding resource folder /currency-conversion-service/src/test/resources
2024-01-29 18:03:51,542 [Worker-14: Importing Maven projects] INFO  o.e.m.c.i.p.ProjectConfigurationManager - Imported and configured 2 project(s) in 30 sec
2024-01-29 18:03:51,884 [Worker-14: Updating Maven Project] INFO  o.e.m.c.i.p.ProjectConfigurationManager - Update started
2024-01-29 18:03:53,603 [Worker-14: Updating Maven Project] INFO  o.e.m.c.i.l.LifecycleMappingFactory - Using org.eclipse.m2e.jdt.JarLifecycleMapping lifecycle mapping for MavenProject: com.in28minutes.microservices:currency-conversion-service:0.0.11-SNAPSHOT @ D:\ADI\Microservices\01-Reference\spring-microservices-v3-main\05.kubernetes\currency-conversion-service\pom.xml.
2024-01-29 18:03:54,778 [Worker-14: Updating Maven Project] INFO  o.e.m.c.i.l.LifecycleMappingFactory - Using org.eclipse.m2e.jdt.JarLifecycleMapping lifecycle mapping for MavenProject: com.in28minutes.microservices:currency-exchange-service:0.0.11-SNAPSHOT @ D:\ADI\Microservices\01-Reference\spring-microservices-v3-main\05.kubernetes\currency-exchange-service\pom.xml.
2024-01-29 18:03:57,285 [Worker-14: Updating Maven Project] INFO  o.e.m.j.i.AbstractJavaProjectConfigurator - Adding source folder /currency-conversion-service/src/main/java
2024-01-29 18:03:57,287 [Worker-14: Updating Maven Project] INFO  o.e.m.j.i.AbstractJavaProjectConfigurator - Adding resource folder /currency-conversion-service/src/main/resources
2024-01-29 18:03:57,289 [Worker-14: Updating Maven Project] INFO  o.e.m.j.i.AbstractJavaProjectConfigurator - Adding resource folder /currency-conversion-service/src/main/resources
2024-01-29 18:03:57,290 [Worker-14: Updating Maven Project] INFO  o.e.m.j.i.AbstractJavaProjectConfigurator - Adding source folder /currency-conversion-service/src/test/java
2024-01-29 18:03:57,290 [Worker-14: Updating Maven Project] INFO  o.e.m.j.i.AbstractJavaProjectConfigurator - Adding resource folder /currency-conversion-service/src/test/resources
2024-01-29 18:03:58,287 [Worker-14: Updating Maven Project] INFO  o.e.m.j.i.AbstractJavaProjectConfigurator - Adding source folder /currency-exchange-service/src/main/java
2024-01-29 18:03:58,287 [Worker-14: Updating Maven Project] INFO  o.e.m.j.i.AbstractJavaProjectConfigurator - Adding resource folder /currency-exchange-service/src/main/resources
2024-01-29 18:03:58,288 [Worker-14: Updating Maven Project] INFO  o.e.m.j.i.AbstractJavaProjectConfigurator - Adding resource folder /currency-exchange-service/src/main/resources
2024-01-29 18:03:58,289 [Worker-14: Updating Maven Project] INFO  o.e.m.j.i.AbstractJavaProjectConfigurator - Adding source folder /currency-exchange-service/src/test/java
2024-01-29 18:03:58,289 [Worker-14: Updating Maven Project] INFO  o.e.m.j.i.AbstractJavaProjectConfigurator - Adding resource folder /currency-exchange-service/src/test/resources
2024-01-29 18:03:59,144 [Worker-14: Updating Maven Project] INFO  o.e.m.c.i.p.ProjectConfigurationManager - Update completed for 2 poms: local refresh takes 0.00 sec, refresh facades takes 5.00 sec, update config takes 1.00 sec 
2024-01-29 18:04:00,517 [Worker-18: Building] INFO  o.a.m.s.f.DefaultMavenResourcesFiltering - Copying 1 resource from src\main\resources to target\classes
2024-01-29 18:04:00,559 [Worker-18: Building] INFO  o.a.m.s.f.DefaultMavenResourcesFiltering - Copying 0 resource from src\main\resources to target\classes
2024-01-29 18:04:00,568 [Worker-18: Building] INFO  o.a.m.s.f.DefaultMavenResourcesFiltering - skip non existing resourceDirectory D:\ADI\Microservices\01-Reference\spring-microservices-v3-main\05.kubernetes\currency-conversion-service\src\test\resources
2024-01-29 18:04:01,588 [Worker-18: Building] INFO  o.a.m.s.f.DefaultMavenResourcesFiltering - Copying 1 resource from src\main\resources to target\classes
2024-01-29 18:04:01,626 [Worker-18: Building] INFO  o.a.m.s.f.DefaultMavenResourcesFiltering - Copying 1 resource from src\main\resources to target\classes
2024-01-29 18:04:01,638 [Worker-18: Building] INFO  o.a.m.s.f.DefaultMavenResourcesFiltering - skip non existing resourceDirectory D:\ADI\Microservices\01-Reference\spring-microservices-v3-main\05.kubernetes\currency-exchange-service\src\test\resources
